<?xml version="1.0" encoding="UTF-8"?>
<testsuite name="test.chronotimer.TestTime" tests="12" skipped="0" failures="0" errors="0" timestamp="2016-05-03T20:07:52" hostname="Mitchells-MBP.wi.rr.com" time="0.153">
  <properties/>
  <testcase name="testFromStringMinutes" classname="test.chronotimer.TestTime" time="0.031"/>
  <testcase name="testToString" classname="test.chronotimer.TestTime" time="0.002"/>
  <testcase name="testFromStringHundreths" classname="test.chronotimer.TestTime" time="0.002"/>
  <testcase name="testFromStringSeconds" classname="test.chronotimer.TestTime" time="0.001"/>
  <testcase name="testFromStringHours" classname="test.chronotimer.TestTime" time="0.002"/>
  <testcase name="testToStringNull" classname="test.chronotimer.TestTime" time="0.0"/>
  <testcase name="testFromStringMinutes" classname="test.chronotimer.TestTime" time="0.001"/>
  <testcase name="testToString" classname="test.chronotimer.TestTime" time="0.001"/>
  <testcase name="testFromStringHundreths" classname="test.chronotimer.TestTime" time="0.001"/>
  <testcase name="testFromStringSeconds" classname="test.chronotimer.TestTime" time="0.001"/>
  <testcase name="testFromStringHours" classname="test.chronotimer.TestTime" time="0.001"/>
  <testcase name="testToStringNull" classname="test.chronotimer.TestTime" time="0.001"/>
  <system-out><![CDATA[]]></system-out>
  <system-err><![CDATA[]]></system-err>
</testsuite>
