<?xml version="1.0" encoding="UTF-8"?>
<testsuite name="test.race.TestRacer" tests="4" skipped="0" failures="0" errors="0" timestamp="2016-05-03T20:07:52" hostname="Mitchells-MBP.wi.rr.com" time="0.12">
  <properties/>
  <testcase name="testSetFinish" classname="test.race.TestRacer" time="0.0"/>
  <testcase name="testSetStart" classname="test.race.TestRacer" time="0.0"/>
  <testcase name="testSetFinish" classname="test.race.TestRacer" time="0.001"/>
  <testcase name="testSetStart" classname="test.race.TestRacer" time="0.0"/>
  <system-out><![CDATA[]]></system-out>
  <system-err><![CDATA[]]></system-err>
</testsuite>
