<?xml version="1.0" encoding="UTF-8"?>
<testsuite name="test.race.TestGRP" tests="2" skipped="0" failures="0" errors="0" timestamp="2016-05-03T01:00:01" hostname="Mitchells-MacBook-Pro.local" time="0.08">
  <properties/>
  <testcase name="testStart" classname="test.race.TestGRP" time="0.001"/>
  <testcase name="testStart" classname="test.race.TestGRP" time="0.0"/>
  <system-out><![CDATA[]]></system-out>
  <system-err><![CDATA[]]></system-err>
</testsuite>
